ISim log file
Running: D:\Bureau\Cours INSA\SystemeInfor\TestPipeline_isim_beh.exe -intstyle ise -gui -tclbatch isim.cmd -wdb D:/Bureau/Cours INSA/SystemeInfor/TestPipeline_isim_beh.wdb 
ISim O.87xd (signature 0xc3576ebc)
This is a Full version of ISim.
Time resolution is 1 ps
# onerror resume
# wave add /
# run 1000 ns
Simulator is doing circuit initialization process.
at 0 ps, Instance /testpipeline/uut/BancRegistreProcess/ : Warning: There is an 'U'|'X'|'W'|'Z'|'-' in an arithmetic operand, the result will be 'X'(es).
at 0 ps, Instance /testpipeline/uut/BancRegistreProcess/ : Warning: CONV_INTEGER: There is an 'U'|'X'|'W'|'Z'|'-' in an arithmetic operand, and it has been converted to 0.
at 0 ps, Instance /testpipeline/uut/BancRegistreProcess/ : Warning: CONV_INTEGER: There is an 'U'|'X'|'W'|'Z'|'-' in an arithmetic operand, and it has been converted to 0.
Finished circuit initialization process.
at 5 ns(1), Instance /testpipeline/uut/bancMemProcess/ : Warning: CONV_INTEGER: There is an 'U'|'X'|'W'|'Z'|'-' in an arithmetic operand, and it has been converted to 0.
at 15 ns(1), Instance /testpipeline/uut/BancRegistreProcess/ : Warning: CONV_INTEGER: There is an 'U'|'X'|'W'|'Z'|'-' in an arithmetic operand, and it has been converted to 0.
at 25 ns(1), Instance /testpipeline/uut/BancRegistreProcess/ : Warning: CONV_INTEGER: There is an 'U'|'X'|'W'|'Z'|'-' in an arithmetic operand, and it has been converted to 0.
at 35 ns(1), Instance /testpipeline/uut/BancRegistreProcess/ : Warning: CONV_INTEGER: There is an 'U'|'X'|'W'|'Z'|'-' in an arithmetic operand, and it has been converted to 0.
at 45 ns(1), Instance /testpipeline/uut/BancRegistreProcess/ : Warning: CONV_INTEGER: There is an 'U'|'X'|'W'|'Z'|'-' in an arithmetic operand, and it has been converted to 0.
# run 200ns
# run all
Stopped at time : 9505695 ns : File "D:/Bureau/Cours INSA/SystemeInfor/TestPipeline.vhd" Line 96
# restart
# restart
# run 200ns
Simulator is doing circuit initialization process.
at 0 ps, Instance /testpipeline/uut/BancRegistreProcess/ : Warning: CONV_INTEGER: There is an 'U'|'X'|'W'|'Z'|'-' in an arithmetic operand, and it has been converted to 0.
at 0 ps, Instance /testpipeline/uut/BancRegistreProcess/ : Warning: CONV_INTEGER: There is an 'U'|'X'|'W'|'Z'|'-' in an arithmetic operand, and it has been converted to 0.
Finished circuit initialization process.
at 5 ns(1), Instance /testpipeline/uut/bancMemProcess/ : Warning: CONV_INTEGER: There is an 'U'|'X'|'W'|'Z'|'-' in an arithmetic operand, and it has been converted to 0.
at 15 ns(1), Instance /testpipeline/uut/BancRegistreProcess/ : Warning: CONV_INTEGER: There is an 'U'|'X'|'W'|'Z'|'-' in an arithmetic operand, and it has been converted to 0.
at 25 ns(1), Instance /testpipeline/uut/BancRegistreProcess/ : Warning: CONV_INTEGER: There is an 'U'|'X'|'W'|'Z'|'-' in an arithmetic operand, and it has been converted to 0.
at 35 ns(1), Instance /testpipeline/uut/BancRegistreProcess/ : Warning: CONV_INTEGER: There is an 'U'|'X'|'W'|'Z'|'-' in an arithmetic operand, and it has been converted to 0.
at 45 ns(1), Instance /testpipeline/uut/BancRegistreProcess/ : Warning: CONV_INTEGER: There is an 'U'|'X'|'W'|'Z'|'-' in an arithmetic operand, and it has been converted to 0.
# run 200ns
# run 200ns
# run 200ns
# run 200ns
# run 200ns
# run 200ns
